Reading netlist file: "C:\Users\Gebruiker\Documents\Mij werks\FPGA\fpga-zx-spectrum\my_zx_spectrum_dram_video\impl\gwsynthesis\my_zx_spectrum_dram_video.vg"
Parsing netlist file "C:\Users\Gebruiker\Documents\Mij werks\FPGA\fpga-zx-spectrum\my_zx_spectrum_dram_video\impl\gwsynthesis\my_zx_spectrum_dram_video.vg" completed
Processing netlist completed
Reading constraint file: "C:\Users\Gebruiker\Documents\Mij werks\FPGA\fpga-zx-spectrum\my_zx_spectrum_dram_video\src\spectrum.cst"
Physical Constraint parsed completed
Running placement......
[10%] Placement Phase 0 completed
[20%] Placement Phase 1 completed
[30%] Placement Phase 2 completed
WARN  (TA1132) :  'n103_18' was determined to be a clock but was not created.
WARN  (TA1132) :  'hdmi/clkdiv/clkdiv_inst/CLKOUT.default_gen_clk' was determined to be a clock but was not created.
[50%] Placement Phase 3 completed
Running routing......
[60%] Routing Phase 0 completed
[70%] Routing Phase 1 completed
[80%] Routing Phase 2 completed
[90%] Routing Phase 3 completed
Running timing analysis......
[95%] Timing analysis completed
Placement and routing completed
Bitstream generation in progress......
Bitstream generation completed
Running power analysis......
[100%] Power analysis completed
Generate file "C:\Users\Gebruiker\Documents\Mij werks\FPGA\fpga-zx-spectrum\my_zx_spectrum_dram_video\impl\pnr\my_zx_spectrum_dram_video.power.html" completed
Generate file "C:\Users\Gebruiker\Documents\Mij werks\FPGA\fpga-zx-spectrum\my_zx_spectrum_dram_video\impl\pnr\my_zx_spectrum_dram_video.pin.html" completed
Generate file "C:\Users\Gebruiker\Documents\Mij werks\FPGA\fpga-zx-spectrum\my_zx_spectrum_dram_video\impl\pnr\my_zx_spectrum_dram_video.rpt.html" completed
Generate file "C:\Users\Gebruiker\Documents\Mij werks\FPGA\fpga-zx-spectrum\my_zx_spectrum_dram_video\impl\pnr\my_zx_spectrum_dram_video.rpt.txt" completed
Generate file "C:\Users\Gebruiker\Documents\Mij werks\FPGA\fpga-zx-spectrum\my_zx_spectrum_dram_video\impl\pnr\my_zx_spectrum_dram_video.tr.html" completed
Sun Sep 21 23:08:40 2025

